<?xml version="1.0" encoding="UTF-8"?>
<!-- Generated by org.testng.reporters.JUnitReportReporter -->
<testsuite skipped="0" hostname="LAPTOP-B4CLN77U" name="com.Dollardays.testcases.Tc_loginDDT_002" tests="1" failures="0" timestamp="2021-06-04T15:30:34 EDT" time="4.212" errors="0">
  <testcase name="loginDDT" time="4.212" classname="com.Dollardays.testcases.Tc_loginDDT_002"/>
  <system-out/>
</testsuite> <!-- com.Dollardays.testcases.Tc_loginDDT_002 -->
