<?xml version="1.0" encoding="UTF-8"?>
<!-- Generated by org.testng.reporters.JUnitReportReporter -->
<testsuite skipped="0" hostname="LAPTOP-B4CLN77U" name="com.Dollardays.testcases.Tc_LoginTest_001" tests="1" failures="0" timestamp="2021-06-04T14:51:02 EDT" time="3.975" errors="0">
  <testcase name="loginTest" time="3.975" classname="com.Dollardays.testcases.Tc_LoginTest_001"/>
  <system-out/>
</testsuite> <!-- com.Dollardays.testcases.Tc_LoginTest_001 -->
