<?xml version="1.0" encoding="UTF-8"?>
<!-- Generated by org.testng.reporters.JUnitReportReporter -->
<testsuite skipped="0" hostname="LAPTOP-B4CLN77U" name="com.Dollardays.testcases.Tc_Wishlist_003" tests="1" failures="0" timestamp="2021-06-04T15:36:01 EDT" time="11.358" errors="0">
  <testcase name="Wishlist" time="11.358" classname="com.Dollardays.testcases.Tc_Wishlist_003"/>
  <system-out/>
</testsuite> <!-- com.Dollardays.testcases.Tc_Wishlist_003 -->
